Started GET "/" for 127.0.0.1 at 2022-11-17 14:23:59 -0800
Processing by StaticPagesController#index as HTML
  Rendering layout layouts/application.html.erb
  Rendering static_pages/index.html.erb within layouts/application
  Rendered shared/_main_nav.html.erb (Duration: 0.2ms | Allocations: 122)
  Rendered shared/_masthead.html.erb (Duration: 0.2ms | Allocations: 81)
  Rendered shared/_sections_nav.html.erb (Duration: 0.4ms | Allocations: 283)
  Rendered shared/_search_modal.html.erb (Duration: 0.2ms | Allocations: 81)
  Rendered shared/_main_content.html.erb (Duration: 0.2ms | Allocations: 81)
  Rendered static_pages/index.html.erb within layouts/application (Duration: 6.0ms | Allocations: 3060)
  Rendered layout layouts/application.html.erb (Duration: 258.7ms | Allocations: 264615)
Completed 200 OK in 263ms (Views: 261.1ms | ActiveRecord: 0.0ms | Allocations: 267748)


Started GET "/" for 127.0.0.1 at 2022-11-17 14:24:50 -0800
Processing by StaticPagesController#index as HTML
  Rendering layout layouts/application.html.erb
  Rendering static_pages/index.html.erb within layouts/application
  Rendered shared/_main_nav.html.erb (Duration: 0.1ms | Allocations: 29)
  Rendered shared/_masthead.html.erb (Duration: 0.0ms | Allocations: 14)
  Rendered shared/_sections_nav.html.erb (Duration: 0.0ms | Allocations: 14)
  Rendered shared/_search_modal.html.erb (Duration: 0.0ms | Allocations: 14)
  Rendered shared/_main_content.html.erb (Duration: 0.0ms | Allocations: 14)
  Rendered static_pages/index.html.erb within layouts/application (Duration: 2.6ms | Allocations: 1841)
  Rendered layout layouts/application.html.erb (Duration: 16.4ms | Allocations: 13917)
Completed 200 OK in 18ms (Views: 17.4ms | ActiveRecord: 0.0ms | Allocations: 14836)


